#
# A fatal error has been detected by the Java Runtime Environment:
#
#  EXCEPTION_ACCESS_VIOLATION (0xc0000005) at pc=0x00007ffb85b037c3, pid=11700, tid=28600
#
# JRE version: Java(TM) SE Runtime Environment (24.0+36) (build 24+36-3646)
# Java VM: Java HotSpot(TM) 64-Bit Server VM (24+36-3646, mixed mode, sharing, tiered, compressed oops, compressed class ptrs, g1 gc, windows-amd64)
# Problematic frame:
# C  [awt.dll+0xc37c3]
#
# No core dump will be written. Minidumps are not enabled by default on client versions of Windows
#
# If you would like to submit a bug report, please visit:
#   https://bugreport.java.com/bugreport/crash.jsp
# The crash happened outside the Java Virtual Machine in native code.
# See problematic frame for where to report the bug.
#

---------------  S U M M A R Y ------------

Command Line: -Dfile.encoding=UTF-8 --module-path=C:\Users\13762\Documents\NetBeansProjects\library\build\classes library

Host: 13th Gen Intel(R) Core(TM) i5-13500H, 16 cores, 15G,  Windows 11 , 64 bit Build 26100 (10.0.26100.3775)
Time: Sat May 24 19:58:16 2025  Windows 11 , 64 bit Build 26100 (10.0.26100.3775) elapsed time: 383.342265 seconds (0d 0h 6m 23s)

---------------  T H R E A D  ---------------

Current thread (0x0000029cf77a7d20):  JavaThread "AWT-Windows" daemon [_thread_in_native, id=28600, stack(0x000000e6ea500000,0x000000e6ea600000) (1024K)]

Stack: [0x000000e6ea500000,0x000000e6ea600000],  sp=0x000000e6ea5fee28,  free space=1019k
Native frames: (J=compiled Java code, j=interpreted, Vv=VM code, C=native code)
C  [awt.dll+0xc37c3]  (no source info available)

Java frames: (J=compiled Java code, j=interpreted, Vv=VM code)
j  sun.awt.windows.WToolkit.eventLoop()V+0 java.desktop@24
j  sun.awt.windows.WToolkit.run()V+56 java.desktop@24
j  java.lang.Thread.runWith(Ljava/lang/Object;Ljava/lang/Runnable;)V+5 java.base@24
j  java.lang.Thread.run()V+19 java.base@24
v  ~StubRoutines::call_stub 0x0000029ca1c00fcd

siginfo: EXCEPTION_ACCESS_VIOLATION (0xc0000005), reading address 0xffffffffffffffff


Registers:
RAX=0x000000004f010f5c, RBX=0x0000029cf70a49f0, RCX=0x0104d40105d40107, RDX=0x000000004f010f5c
RSP=0x000000e6ea5fee28, RBP=0x000000e6ea5fef39, RSI=0x000000004f010f5c, RDI=0x0000000000000000
R8 =0x0000000000000001, R9 =0x000000e6e896d000, R10=0x0000000000000000, R11=0x0000000000000246
R12=0x0000000000000000, R13=0x0000000000000310, R14=0x0000000000000000, R15=0x0000000000000000
RIP=0x00007ffb85b037c3, EFLAGS=0x0000000000010202

XMM[0]=0x0000000000000000 0x0000000000000000
XMM[1]=0x0000000000000000 0x0000000000000000
XMM[2]=0x0000000000000000 0x0000000000000000
XMM[3]=0x0000000000000000 0x0000000000000000
XMM[4]=0x0000000000000000 0x0000000000000000
XMM[5]=0x0000000000000000 0x0000000000000000
XMM[6]=0x0000000000000000 0x0000000000000000
XMM[7]=0x0000000000000000 0x0000000000000000
XMM[8]=0x0000000000000000 0x0000000000000000
XMM[9]=0x0000000000000000 0x0000000000000000
XMM[10]=0x0000000000000000 0x0000000000000000
XMM[11]=0x0000000000000000 0x0000000000000000
XMM[12]=0x0000000000000000 0x0000000000000000
XMM[13]=0x0000000000000000 0x0000000000000000
XMM[14]=0x0000000000000000 0x0000000000000000
XMM[15]=0x0000000000000000 0x0000000000000000
  MXCSR=0x00001fa0


Register to memory mapping:

RAX=0x000000004f010f5c is an unknown value
RBX=0x0000029cf70a49f0 points into unknown readable memory: 0x0000029cf7138d90 | 90 8d 13 f7 9c 02 00 00
RCX=0x0104d40105d40107 is an unknown value
RDX=0x000000004f010f5c is an unknown value
RSP=0x000000e6ea5fee28 is pointing into the stack for thread: 0x0000029cf77a7d20
RBP=0x000000e6ea5fef39 is pointing into the stack for thread: 0x0000029cf77a7d20
RSI=0x000000004f010f5c is an unknown value
RDI=0x0 is null
R8 =0x0000000000000001 is an unknown value
R9 =0x000000e6e896d000 points into unknown readable memory: 0x0000000000000000 | 00 00 00 00 00 00 00 00
R10=0x0 is null
R11=0x0000000000000246 is an unknown value
R12=0x0 is null
R13=0x0000000000000310 is an unknown value
R14=0x0 is null
R15=0x0 is null

Top of Stack: (sp=0x000000e6ea5fee28)
0x000000e6ea5fee28:   00007ffb85b1b672 00007ffb85b77838   r.......8x......
0x000000e6ea5fee38:   000000004f010f5c 0000000000000000   \..O............
0x000000e6ea5fee48:   0000000000000000 0000000000000000   ................
0x000000e6ea5fee58:   00007ffb85ad75ac 000000004f010f5c   .u......\..O....
0x000000e6ea5fee68:   0000029cf716cfc0 0000029cf70a49f0   .........I......
0x000000e6ea5fee78:   000000e6ea5ff1a8 0000000000000000   .._.............
0x000000e6ea5fee88:   00007ffb85ad7656 0000029cf716cfc0   Vv..............
0x000000e6ea5fee98:   00007ffb85a40000 000000e6ea5fef98   .........._.....
0x000000e6ea5feea8:   00007ffbc2044d18 0000000000000000   .M..............
0x000000e6ea5feeb8:   00007ffb85ad4a26 0000029cf716cfc0   &J..............
0x000000e6ea5feec8:   0000000000000000 00007ffb85ad7b30   ........0{......
0x000000e6ea5feed8:   00007ffbec97a05e 000000000000007e   ^.......~.......
0x000000e6ea5feee8:   00007ffbeb4927a9 000000e6ea5fef90   .'I......._.....
0x000000e6ea5feef8:   0000000000000001 0000000000000000   ................
0x000000e6ea5fef08:   000000e6ea5fef98 0000000000000000   .._.............
0x000000e6ea5fef18:   0000000000000000 0000000000000000   ................
0x000000e6ea5fef28:   0000029cf77a80e8 0000029cf716d060   ..z.....`.......
0x000000e6ea5fef38:   0000000000000000 0000000000000000   ................
0x000000e6ea5fef48:   0000018272602635 0000000000000000   5&`r............
0x000000e6ea5fef58:   0000000000000000 0000000000000000   ................
0x000000e6ea5fef68:   0000000000000000 0000000000000000   ................
0x000000e6ea5fef78:   0000000000000310 0000000000000000   ................
0x000000e6ea5fef88:   0000029cf716cfc0 0000029cf716cfc0   ................
0x000000e6ea5fef98:   00007ffb85b1fa4c 0000000000000000   L...............
0x000000e6ea5fefa8:   000015390caa68ed 000010c317ba032a   .h..9...*.......
0x000000e6ea5fefb8:   000000000000c237 0000000000000001   7...............
0x000000e6ea5fefc8:   0000000000000022 0000000000000000   "...............
0x000000e6ea5fefd8:   00007ffbeb45b706 0000000000000022   ..E.....".......
0x000000e6ea5fefe8:   0000000000030764 000000000000c237   d.......7.......
0x000000e6ea5feff8:   00007ffbec95909f 0000000000030764   ........d.......
0x000000e6ea5ff008:   00007ffbeb4788ea ffffffffffffffeb   ..G.............
0x000000e6ea5ff018:   0000018272602755 0000029c903490c0   U'`r......4.....

Instructions: (pc=0x00007ffb85b037c3)
  0x00007ffb85b036c3:   00 00 0f 11 40 80 0f 10 41 a0 0f 11 48 90 0f 10
  0x00007ffb85b036d3:   49 b0 0f 11 40 a0 0f 10 41 c0 0f 11 48 b0 0f 10
  0x00007ffb85b036e3:   49 d0 0f 11 40 c0 0f 10 41 e0 0f 11 48 d0 0f 10
  0x00007ffb85b036f3:   49 f0 0f 11 40 e0 0f 11 48 f0 48 83 ea 01 75 ad
  0x00007ffb85b03703:   0f 10 01 0f 10 49 10 0f 11 00 0f 10 41 20 0f 11
  0x00007ffb85b03713:   48 10 0f 11 40 20 49 8b ce 41 c7 06 00 03 00 01
  0x00007ffb85b03723:   bb 00 01 00 00 ff 15 aa ce 07 00 4c 8b c6 48 89
  0x00007ffb85b03733:   86 08 0c 00 00 4c 2b c7 48 8d 57 02 90 0f b6 42
  0x00007ffb85b03743:   ff 0f b6 4a fe 48 8d 52 04 c1 e1 08 0b c8 0f b6
  0x00007ffb85b03753:   42 fc c1 e1 08 0b c8 81 c9 00 00 00 ff 41 89 4c
  0x00007ffb85b03763:   10 fa 48 83 eb 01 75 d5 49 8b ce e8 e5 64 02 00
  0x00007ffb85b03773:   48 8b 5c 24 30 48 8b c6 48 8b 74 24 38 48 8b 7c
  0x00007ffb85b03783:   24 40 48 83 c4 20 41 5e c3 cc cc cc cc 48 83 b9
  0x00007ffb85b03793:   08 0c 00 00 00 74 1c 83 3d 0b e8 07 00 00 75 09
  0x00007ffb85b037a3:   83 3d fe 08 08 00 00 74 0a 48 8b ca 48 ff 25 3a
  0x00007ffb85b037b3:   ce 07 00 c3 cc cc cc cc cc cc cc cc cc 48 8b c2
=>0x00007ffb85b037c3:   48 8b 91 08 0c 00 00 48 85 d2 74 0d 45 33 c0 48
  0x00007ffb85b037d3:   8b c8 48 ff 25 1c ce 07 00 33 c0 c3 cc 48 89 5c
  0x00007ffb85b037e3:   24 10 48 89 6c 24 18 48 89 74 24 20 57 41 54 41
  0x00007ffb85b037f3:   55 41 56 41 57 48 81 ec 30 05 00 00 48 8b 05 d2
  0x00007ffb85b03803:   c0 07 00 48 33 c4 48 89 84 24 20 05 00 00 48 8b
  0x00007ffb85b03813:   f9 48 8b 89 10 0c 00 00 e8 00 71 01 00 48 8b f0
  0x00007ffb85b03823:   48 85 c0 0f 84 61 03 00 00 ba 0c 00 00 00 48 8b
  0x00007ffb85b03833:   c8 ff 15 b6 cc 07 00 48 8b 8f 10 0c 00 00 48 8b
  0x00007ffb85b03843:   d6 8b d8 e8 05 79 01 00 83 fb 08 0f 85 39 03 00
  0x00007ffb85b03853:   00 48 8b 8f 10 0c 00 00 e8 c0 70 01 00 41 bd 00
  0x00007ffb85b03863:   01 00 00 4c 8d 4c 24 20 45 8b c5 33 d2 48 8b c8
  0x00007ffb85b03873:   48 8b e8 ff 15 34 ce 07 00 45 33 e4 8b f0 85 c0
  0x00007ffb85b03883:   0f 8f e9 00 00 00 b9 08 04 00 00 e8 cd 63 02 00
  0x00007ffb85b03893:   48 8b d8 48 85 c0 75 08 41 8b f4 e9 cf 00 00 00
  0x00007ffb85b038a3:   c7 00 00 03 00 01 41 8b cc 48 83 c0 05 88 48 ff
  0x00007ffb85b038b3:   ff c1 66 44 89 20 c6 40 02 02 48 8d 40 04 41 3b


Stack slot to memory mapping:

stack at sp + 0 slots: 0x00007ffb85b1b672 awt.dll
stack at sp + 1 slots: 0x00007ffb85b77838 awt.dll
stack at sp + 2 slots: 0x000000004f010f5c is an unknown value
stack at sp + 3 slots: 0x0 is null
stack at sp + 4 slots: 0x0 is null
stack at sp + 5 slots: 0x0 is null
stack at sp + 6 slots: 0x00007ffb85ad75ac awt.dll
stack at sp + 7 slots: 0x000000004f010f5c is an unknown value

Lock stack of current Java thread (top to bottom):


---------------  P R O C E S S  ---------------

Threads class SMR info:
_java_thread_list=0x0000029cf7640230, length=17, elements={
0x0000029cb154d940, 0x0000029cb154e280, 0x0000029cf7008880, 0x0000029cf7009760,
0x0000029cf70122a0, 0x0000029cf7014310, 0x0000029cf7015d80, 0x0000029cf7017d70,
0x0000029cf713f7d0, 0x0000029cf728ef10, 0x0000029cf7348190, 0x0000029cf77a75e0,
0x0000029cf77a7d20, 0x0000029cf7485070, 0x0000029c8fb6d0e0, 0x0000029cf7afdd00,
0x0000029cf90487b0
}

Java Threads: ( => current thread )
  0x0000029cb154d940 JavaThread "Reference Handler"          daemon [_thread_blocked, id=976, stack(0x000000e6e9500000,0x000000e6e9600000) (1024K)]
  0x0000029cb154e280 JavaThread "Finalizer"                  daemon [_thread_blocked, id=17496, stack(0x000000e6e9600000,0x000000e6e9700000) (1024K)]
  0x0000029cf7008880 JavaThread "Signal Dispatcher"          daemon [_thread_blocked, id=13644, stack(0x000000e6e9700000,0x000000e6e9800000) (1024K)]
  0x0000029cf7009760 JavaThread "Attach Listener"            daemon [_thread_blocked, id=17072, stack(0x000000e6e9800000,0x000000e6e9900000) (1024K)]
  0x0000029cf70122a0 JavaThread "Service Thread"             daemon [_thread_blocked, id=30200, stack(0x000000e6e9900000,0x000000e6e9a00000) (1024K)]
  0x0000029cf7014310 JavaThread "Monitor Deflation Thread"   daemon [_thread_blocked, id=24972, stack(0x000000e6e9a00000,0x000000e6e9b00000) (1024K)]
  0x0000029cf7015d80 JavaThread "C2 CompilerThread0"         daemon [_thread_blocked, id=23564, stack(0x000000e6e9b00000,0x000000e6e9c00000) (1024K)]
  0x0000029cf7017d70 JavaThread "C1 CompilerThread0"         daemon [_thread_blocked, id=5488, stack(0x000000e6e9c00000,0x000000e6e9d00000) (1024K)]
  0x0000029cf713f7d0 JavaThread "Common-Cleaner"             daemon [_thread_blocked, id=20740, stack(0x000000e6e9f00000,0x000000e6ea000000) (1024K)]
  0x0000029cf728ef10 JavaThread "Notification Thread"        daemon [_thread_blocked, id=24012, stack(0x000000e6ea100000,0x000000e6ea200000) (1024K)]
  0x0000029cf7348190 JavaThread "Java2D Disposer"            daemon [_thread_blocked, id=22484, stack(0x000000e6ea300000,0x000000e6ea400000) (1024K)]
  0x0000029cf77a75e0 JavaThread "AWT-Shutdown"                      [_thread_blocked, id=15880, stack(0x000000e6ea400000,0x000000e6ea500000) (1024K)]
=>0x0000029cf77a7d20 JavaThread "AWT-Windows"                daemon [_thread_in_native, id=28600, stack(0x000000e6ea500000,0x000000e6ea600000) (1024K)]
  0x0000029cf7485070 JavaThread "AWT-EventQueue-0"                  [_thread_blocked, id=30304, stack(0x000000e6ea600000,0x000000e6ea700000) (1024K)]
  0x0000029c8fb6d0e0 JavaThread "DestroyJavaVM"                     [_thread_blocked, id=29608, stack(0x000000e6e8d00000,0x000000e6e8e00000) (1024K)]
  0x0000029cf7afdd00 JavaThread "TimerQueue"                 daemon [_thread_blocked, id=18808, stack(0x000000e6eaa00000,0x000000e6eab00000) (1024K)]
  0x0000029cf90487b0 JavaThread "Abandoned connection cleanup thread" daemon [_thread_blocked, id=3916, stack(0x000000e6eab00000,0x000000e6eac00000) (1024K)]
Total: 17

Other Threads:
  0x0000029cb1542110 VMThread "VM Thread"                           [id=2112, stack(0x000000e6e9400000,0x000000e6e9500000) (1024K)]
  0x0000029cb13f2440 WatcherThread "VM Periodic Task Thread"        [id=29776, stack(0x000000e6e9300000,0x000000e6e9400000) (1024K)]
  0x0000029c91f6d8e0 WorkerThread "GC Thread#0"                     [id=9136, stack(0x000000e6e8e00000,0x000000e6e8f00000) (1024K)]
  0x0000029c91f82050 ConcurrentGCThread "G1 Main Marker"            [id=19116, stack(0x000000e6e8f00000,0x000000e6e9000000) (1024K)]
  0x0000029c91f84a60 WorkerThread "G1 Conc#0"                       [id=9784, stack(0x000000e6e9000000,0x000000e6e9100000) (1024K)]
  0x0000029c91fce470 ConcurrentGCThread "G1 Refine#0"               [id=29180, stack(0x000000e6e9100000,0x000000e6e9200000) (1024K)]
  0x0000029cb13dd0d0 ConcurrentGCThread "G1 Service"                [id=26508, stack(0x000000e6e9200000,0x000000e6e9300000) (1024K)]
Total: 7

Threads with active compile tasks:
Total: 0

VM state: not at safepoint (normal execution)

VM Mutex/Monitor currently owned by a thread: None

Heap address: 0x0000000707800000, size: 3976 MB, Compressed Oops mode: Zero based, Oop shift amount: 3

CDS archive(s) mapped at: [0x0000029cb2000000-0x0000029cb2d40000-0x0000029cb2d40000), size 13893632, SharedBaseAddress: 0x0000029cb2000000, ArchiveRelocationMode: 1.
Compressed class space mapped at: 0x0000029cb3000000-0x0000029cf3000000, reserved size: 1073741824
UseCompressedClassPointers 1, UseCompactObjectHeaders 0
Narrow klass pointer bits 32, Max shift 3
Narrow klass base: 0x0000029cb2000000, Narrow klass shift: 0
Encoding Range: [0x0000029cb2000000 - 0x0000029db2000000), (4294967296 bytes)
Klass Range:    [0x0000029cb2000000 - 0x0000029cf3000000), (1090519040 bytes)
Klass ID Range:  [8 - 1090519033) (1090519025)

GC Precious Log:
 CardTable entry size: 512
 Card Set container configuration: InlinePtr #cards 4 size 8 Array Of Cards #cards 16 size 48 Howl #buckets 8 coarsen threshold 3686 Howl Bitmap #cards 512 size 80 coarsen threshold 460 Card regions per heap region 1 cards per card region 4096
 CPUs: 16 total, 16 available
 Memory: 15901M
 Large Page Support: Disabled
 NUMA Support: Disabled
 Compressed Oops: Enabled (Zero based)
 Heap Region Size: 2M
 Heap Min Capacity: 8M
 Heap Initial Capacity: 250M
 Heap Max Capacity: 3976M
 Pre-touch: Disabled
 Parallel Workers: 13
 Concurrent Workers: 3
 Concurrent Refinement Workers: 13
 Periodic GC: Disabled

Heap:
 garbage-first heap   total reserved 4071424K, committed 258048K, used 54388K [0x0000000707800000, 0x0000000800000000)
  region size 2048K, 20 young (40960K), 0 survivors (0K)
 Metaspace       used 16563K, committed 16832K, reserved 1114112K
  class space    used 1554K, committed 1664K, reserved 1048576K

Heap Regions: E=young(eden), S=young(survivor), O=old, HS=humongous(starts), HC=humongous(continues), CS=collection set, F=free, TAMS=top-at-mark-start, PB=parsable bottom
|   0|0x0000000707800000, 0x0000000707a00000, 0x0000000707a00000|100%|HS|  |TAMS 0x0000000707800000| PB 0x0000000707800000| Complete |  0
|   1|0x0000000707a00000, 0x0000000707c00000, 0x0000000707c00000|100%|HC|  |TAMS 0x0000000707a00000| PB 0x0000000707a00000| Complete |  0
|   2|0x0000000707c00000, 0x0000000707e00000, 0x0000000707e00000|100%|HC|  |TAMS 0x0000000707c00000| PB 0x0000000707c00000| Complete |  0
|   3|0x0000000707e00000, 0x0000000708000000, 0x0000000708000000|100%|HS|  |TAMS 0x0000000707e00000| PB 0x0000000707e00000| Complete |  0
|   4|0x0000000708000000, 0x0000000708200000, 0x0000000708200000|100%|HS|  |TAMS 0x0000000708000000| PB 0x0000000708000000| Complete |  0
|   5|0x0000000708200000, 0x0000000708400000, 0x0000000708400000|100%|HC|  |TAMS 0x0000000708200000| PB 0x0000000708200000| Complete |  0
|   6|0x0000000708400000, 0x0000000708600000, 0x0000000708600000|100%|HC|  |TAMS 0x0000000708400000| PB 0x0000000708400000| Complete |  0
|   7|0x0000000708600000, 0x0000000708800000, 0x0000000708800000|100%|HC|  |TAMS 0x0000000708600000| PB 0x0000000708600000| Complete |  0
|   8|0x0000000708800000, 0x0000000708800000, 0x0000000708a00000|  0%| F|  |TAMS 0x0000000708800000| PB 0x0000000708800000| Untracked |  0
|   9|0x0000000708a00000, 0x0000000708a00000, 0x0000000708c00000|  0%| F|  |TAMS 0x0000000708a00000| PB 0x0000000708a00000| Untracked |  0
|  10|0x0000000708c00000, 0x0000000708c00000, 0x0000000708e00000|  0%| F|  |TAMS 0x0000000708c00000| PB 0x0000000708c00000| Untracked |  0
|  11|0x0000000708e00000, 0x0000000708e00000, 0x0000000709000000|  0%| F|  |TAMS 0x0000000708e00000| PB 0x0000000708e00000| Untracked |  0
|  12|0x0000000709000000, 0x0000000709000000, 0x0000000709200000|  0%| F|  |TAMS 0x0000000709000000| PB 0x0000000709000000| Untracked |  0
|  13|0x0000000709200000, 0x0000000709200000, 0x0000000709400000|  0%| F|  |TAMS 0x0000000709200000| PB 0x0000000709200000| Untracked |  0
|  14|0x0000000709400000, 0x0000000709400000, 0x0000000709600000|  0%| F|  |TAMS 0x0000000709400000| PB 0x0000000709400000| Untracked |  0
|  15|0x0000000709600000, 0x0000000709600000, 0x0000000709800000|  0%| F|  |TAMS 0x0000000709600000| PB 0x0000000709600000| Untracked |  0
|  16|0x0000000709800000, 0x0000000709800000, 0x0000000709a00000|  0%| F|  |TAMS 0x0000000709800000| PB 0x0000000709800000| Untracked |  0
|  17|0x0000000709a00000, 0x0000000709a00000, 0x0000000709c00000|  0%| F|  |TAMS 0x0000000709a00000| PB 0x0000000709a00000| Untracked |  0
|  18|0x0000000709c00000, 0x0000000709c00000, 0x0000000709e00000|  0%| F|  |TAMS 0x0000000709c00000| PB 0x0000000709c00000| Untracked |  0
|  19|0x0000000709e00000, 0x0000000709e00000, 0x000000070a000000|  0%| F|  |TAMS 0x0000000709e00000| PB 0x0000000709e00000| Untracked |  0
|  20|0x000000070a000000, 0x000000070a000000, 0x000000070a200000|  0%| F|  |TAMS 0x000000070a000000| PB 0x000000070a000000| Untracked |  0
|  21|0x000000070a200000, 0x000000070a200000, 0x000000070a400000|  0%| F|  |TAMS 0x000000070a200000| PB 0x000000070a200000| Untracked |  0
|  22|0x000000070a400000, 0x000000070a400000, 0x000000070a600000|  0%| F|  |TAMS 0x000000070a400000| PB 0x000000070a400000| Untracked |  0
|  23|0x000000070a600000, 0x000000070a600000, 0x000000070a800000|  0%| F|  |TAMS 0x000000070a600000| PB 0x000000070a600000| Untracked |  0
|  24|0x000000070a800000, 0x000000070a800000, 0x000000070aa00000|  0%| F|  |TAMS 0x000000070a800000| PB 0x000000070a800000| Untracked |  0
|  25|0x000000070aa00000, 0x000000070aa00000, 0x000000070ac00000|  0%| F|  |TAMS 0x000000070aa00000| PB 0x000000070aa00000| Untracked |  0
|  26|0x000000070ac00000, 0x000000070ac00000, 0x000000070ae00000|  0%| F|  |TAMS 0x000000070ac00000| PB 0x000000070ac00000| Untracked |  0
|  27|0x000000070ae00000, 0x000000070ae00000, 0x000000070b000000|  0%| F|  |TAMS 0x000000070ae00000| PB 0x000000070ae00000| Untracked |  0
|  28|0x000000070b000000, 0x000000070b000000, 0x000000070b200000|  0%| F|  |TAMS 0x000000070b000000| PB 0x000000070b000000| Untracked |  0
|  29|0x000000070b200000, 0x000000070b200000, 0x000000070b400000|  0%| F|  |TAMS 0x000000070b200000| PB 0x000000070b200000| Untracked |  0
|  30|0x000000070b400000, 0x000000070b400000, 0x000000070b600000|  0%| F|  |TAMS 0x000000070b400000| PB 0x000000070b400000| Untracked |  0
|  31|0x000000070b600000, 0x000000070b600000, 0x000000070b800000|  0%| F|  |TAMS 0x000000070b600000| PB 0x000000070b600000| Untracked |  0
|  32|0x000000070b800000, 0x000000070b800000, 0x000000070ba00000|  0%| F|  |TAMS 0x000000070b800000| PB 0x000000070b800000| Untracked |  0
|  33|0x000000070ba00000, 0x000000070ba00000, 0x000000070bc00000|  0%| F|  |TAMS 0x000000070ba00000| PB 0x000000070ba00000| Untracked |  0
|  34|0x000000070bc00000, 0x000000070bc00000, 0x000000070be00000|  0%| F|  |TAMS 0x000000070bc00000| PB 0x000000070bc00000| Untracked |  0
|  35|0x000000070be00000, 0x000000070be00000, 0x000000070c000000|  0%| F|  |TAMS 0x000000070be00000| PB 0x000000070be00000| Untracked |  0
|  36|0x000000070c000000, 0x000000070c000000, 0x000000070c200000|  0%| F|  |TAMS 0x000000070c000000| PB 0x000000070c000000| Untracked |  0
|  37|0x000000070c200000, 0x000000070c200000, 0x000000070c400000|  0%| F|  |TAMS 0x000000070c200000| PB 0x000000070c200000| Untracked |  0
|  38|0x000000070c400000, 0x000000070c400000, 0x000000070c600000|  0%| F|  |TAMS 0x000000070c400000| PB 0x000000070c400000| Untracked |  0
|  39|0x000000070c600000, 0x000000070c600000, 0x000000070c800000|  0%| F|  |TAMS 0x000000070c600000| PB 0x000000070c600000| Untracked |  0
|  40|0x000000070c800000, 0x000000070c800000, 0x000000070ca00000|  0%| F|  |TAMS 0x000000070c800000| PB 0x000000070c800000| Untracked |  0
|  41|0x000000070ca00000, 0x000000070ca00000, 0x000000070cc00000|  0%| F|  |TAMS 0x000000070ca00000| PB 0x000000070ca00000| Untracked |  0
|  42|0x000000070cc00000, 0x000000070cc00000, 0x000000070ce00000|  0%| F|  |TAMS 0x000000070cc00000| PB 0x000000070cc00000| Untracked |  0
|  43|0x000000070ce00000, 0x000000070ce00000, 0x000000070d000000|  0%| F|  |TAMS 0x000000070ce00000| PB 0x000000070ce00000| Untracked |  0
|  44|0x000000070d000000, 0x000000070d000000, 0x000000070d200000|  0%| F|  |TAMS 0x000000070d000000| PB 0x000000070d000000| Untracked |  0
|  45|0x000000070d200000, 0x000000070d200000, 0x000000070d400000|  0%| F|  |TAMS 0x000000070d200000| PB 0x000000070d200000| Untracked |  0
|  46|0x000000070d400000, 0x000000070d400000, 0x000000070d600000|  0%| F|  |TAMS 0x000000070d400000| PB 0x000000070d400000| Untracked |  0
|  47|0x000000070d600000, 0x000000070d600000, 0x000000070d800000|  0%| F|  |TAMS 0x000000070d600000| PB 0x000000070d600000| Untracked |  0
|  48|0x000000070d800000, 0x000000070d800000, 0x000000070da00000|  0%| F|  |TAMS 0x000000070d800000| PB 0x000000070d800000| Untracked |  0
|  49|0x000000070da00000, 0x000000070da00000, 0x000000070dc00000|  0%| F|  |TAMS 0x000000070da00000| PB 0x000000070da00000| Untracked |  0
|  50|0x000000070dc00000, 0x000000070dc00000, 0x000000070de00000|  0%| F|  |TAMS 0x000000070dc00000| PB 0x000000070dc00000| Untracked |  0
|  51|0x000000070de00000, 0x000000070de00000, 0x000000070e000000|  0%| F|  |TAMS 0x000000070de00000| PB 0x000000070de00000| Untracked |  0
|  52|0x000000070e000000, 0x000000070e000000, 0x000000070e200000|  0%| F|  |TAMS 0x000000070e000000| PB 0x000000070e000000| Untracked |  0
|  53|0x000000070e200000, 0x000000070e200000, 0x000000070e400000|  0%| F|  |TAMS 0x000000070e200000| PB 0x000000070e200000| Untracked |  0
|  54|0x000000070e400000, 0x000000070e400000, 0x000000070e600000|  0%| F|  |TAMS 0x000000070e400000| PB 0x000000070e400000| Untracked |  0
|  55|0x000000070e600000, 0x000000070e600000, 0x000000070e800000|  0%| F|  |TAMS 0x000000070e600000| PB 0x000000070e600000| Untracked |  0
|  56|0x000000070e800000, 0x000000070e800000, 0x000000070ea00000|  0%| F|  |TAMS 0x000000070e800000| PB 0x000000070e800000| Untracked |  0
|  57|0x000000070ea00000, 0x000000070ea00000, 0x000000070ec00000|  0%| F|  |TAMS 0x000000070ea00000| PB 0x000000070ea00000| Untracked |  0
|  58|0x000000070ec00000, 0x000000070ec00000, 0x000000070ee00000|  0%| F|  |TAMS 0x000000070ec00000| PB 0x000000070ec00000| Untracked |  0
|  59|0x000000070ee00000, 0x000000070ee00000, 0x000000070f000000|  0%| F|  |TAMS 0x000000070ee00000| PB 0x000000070ee00000| Untracked |  0
|  60|0x000000070f000000, 0x000000070f000000, 0x000000070f200000|  0%| F|  |TAMS 0x000000070f000000| PB 0x000000070f000000| Untracked |  0
|  61|0x000000070f200000, 0x000000070f200000, 0x000000070f400000|  0%| F|  |TAMS 0x000000070f200000| PB 0x000000070f200000| Untracked |  0
|  62|0x000000070f400000, 0x000000070f400000, 0x000000070f600000|  0%| F|  |TAMS 0x000000070f400000| PB 0x000000070f400000| Untracked |  0
|  63|0x000000070f600000, 0x000000070f600000, 0x000000070f800000|  0%| F|  |TAMS 0x000000070f600000| PB 0x000000070f600000| Untracked |  0
|  64|0x000000070f800000, 0x000000070f800000, 0x000000070fa00000|  0%| F|  |TAMS 0x000000070f800000| PB 0x000000070f800000| Untracked |  0
|  65|0x000000070fa00000, 0x000000070fa00000, 0x000000070fc00000|  0%| F|  |TAMS 0x000000070fa00000| PB 0x000000070fa00000| Untracked |  0
|  66|0x000000070fc00000, 0x000000070fc00000, 0x000000070fe00000|  0%| F|  |TAMS 0x000000070fc00000| PB 0x000000070fc00000| Untracked |  0
|  67|0x000000070fe00000, 0x000000070fe00000, 0x0000000710000000|  0%| F|  |TAMS 0x000000070fe00000| PB 0x000000070fe00000| Untracked |  0
|  68|0x0000000710000000, 0x0000000710000000, 0x0000000710200000|  0%| F|  |TAMS 0x0000000710000000| PB 0x0000000710000000| Untracked |  0
|  69|0x0000000710200000, 0x0000000710200000, 0x0000000710400000|  0%| F|  |TAMS 0x0000000710200000| PB 0x0000000710200000| Untracked |  0
|  70|0x0000000710400000, 0x0000000710400000, 0x0000000710600000|  0%| F|  |TAMS 0x0000000710400000| PB 0x0000000710400000| Untracked |  0
|  71|0x0000000710600000, 0x0000000710600000, 0x0000000710800000|  0%| F|  |TAMS 0x0000000710600000| PB 0x0000000710600000| Untracked |  0
|  72|0x0000000710800000, 0x0000000710800000, 0x0000000710a00000|  0%| F|  |TAMS 0x0000000710800000| PB 0x0000000710800000| Untracked |  0
|  73|0x0000000710a00000, 0x0000000710a00000, 0x0000000710c00000|  0%| F|  |TAMS 0x0000000710a00000| PB 0x0000000710a00000| Untracked |  0
|  74|0x0000000710c00000, 0x0000000710c00000, 0x0000000710e00000|  0%| F|  |TAMS 0x0000000710c00000| PB 0x0000000710c00000| Untracked |  0
|  75|0x0000000710e00000, 0x0000000710e00000, 0x0000000711000000|  0%| F|  |TAMS 0x0000000710e00000| PB 0x0000000710e00000| Untracked |  0
|  76|0x0000000711000000, 0x0000000711000000, 0x0000000711200000|  0%| F|  |TAMS 0x0000000711000000| PB 0x0000000711000000| Untracked |  0
|  77|0x0000000711200000, 0x0000000711200000, 0x0000000711400000|  0%| F|  |TAMS 0x0000000711200000| PB 0x0000000711200000| Untracked |  0
|  78|0x0000000711400000, 0x0000000711400000, 0x0000000711600000|  0%| F|  |TAMS 0x0000000711400000| PB 0x0000000711400000| Untracked |  0
|  79|0x0000000711600000, 0x0000000711600000, 0x0000000711800000|  0%| F|  |TAMS 0x0000000711600000| PB 0x0000000711600000| Untracked |  0
|  80|0x0000000711800000, 0x0000000711800000, 0x0000000711a00000|  0%| F|  |TAMS 0x0000000711800000| PB 0x0000000711800000| Untracked |  0
|  81|0x0000000711a00000, 0x0000000711a00000, 0x0000000711c00000|  0%| F|  |TAMS 0x0000000711a00000| PB 0x0000000711a00000| Untracked |  0
|  82|0x0000000711c00000, 0x0000000711c00000, 0x0000000711e00000|  0%| F|  |TAMS 0x0000000711c00000| PB 0x0000000711c00000| Untracked |  0
|  83|0x0000000711e00000, 0x0000000711e00000, 0x0000000712000000|  0%| F|  |TAMS 0x0000000711e00000| PB 0x0000000711e00000| Untracked |  0
|  84|0x0000000712000000, 0x0000000712000000, 0x0000000712200000|  0%| F|  |TAMS 0x0000000712000000| PB 0x0000000712000000| Untracked |  0
|  85|0x0000000712200000, 0x0000000712200000, 0x0000000712400000|  0%| F|  |TAMS 0x0000000712200000| PB 0x0000000712200000| Untracked |  0
|  86|0x0000000712400000, 0x0000000712400000, 0x0000000712600000|  0%| F|  |TAMS 0x0000000712400000| PB 0x0000000712400000| Untracked |  0
|  87|0x0000000712600000, 0x0000000712600000, 0x0000000712800000|  0%| F|  |TAMS 0x0000000712600000| PB 0x0000000712600000| Untracked |  0
|  88|0x0000000712800000, 0x0000000712800000, 0x0000000712a00000|  0%| F|  |TAMS 0x0000000712800000| PB 0x0000000712800000| Untracked |  0
|  89|0x0000000712a00000, 0x0000000712a00000, 0x0000000712c00000|  0%| F|  |TAMS 0x0000000712a00000| PB 0x0000000712a00000| Untracked |  0
|  90|0x0000000712c00000, 0x0000000712c00000, 0x0000000712e00000|  0%| F|  |TAMS 0x0000000712c00000| PB 0x0000000712c00000| Untracked |  0
|  91|0x0000000712e00000, 0x0000000712e00000, 0x0000000713000000|  0%| F|  |TAMS 0x0000000712e00000| PB 0x0000000712e00000| Untracked |  0
|  92|0x0000000713000000, 0x0000000713000000, 0x0000000713200000|  0%| F|  |TAMS 0x0000000713000000| PB 0x0000000713000000| Untracked |  0
|  93|0x0000000713200000, 0x0000000713200000, 0x0000000713400000|  0%| F|  |TAMS 0x0000000713200000| PB 0x0000000713200000| Untracked |  0
|  94|0x0000000713400000, 0x0000000713400000, 0x0000000713600000|  0%| F|  |TAMS 0x0000000713400000| PB 0x0000000713400000| Untracked |  0
|  95|0x0000000713600000, 0x0000000713600000, 0x0000000713800000|  0%| F|  |TAMS 0x0000000713600000| PB 0x0000000713600000| Untracked |  0
|  96|0x0000000713800000, 0x0000000713800000, 0x0000000713a00000|  0%| F|  |TAMS 0x0000000713800000| PB 0x0000000713800000| Untracked |  0
|  97|0x0000000713a00000, 0x0000000713a00000, 0x0000000713c00000|  0%| F|  |TAMS 0x0000000713a00000| PB 0x0000000713a00000| Untracked |  0
|  98|0x0000000713c00000, 0x0000000713c00000, 0x0000000713e00000|  0%| F|  |TAMS 0x0000000713c00000| PB 0x0000000713c00000| Untracked |  0
|  99|0x0000000713e00000, 0x0000000713e00000, 0x0000000714000000|  0%| F|  |TAMS 0x0000000713e00000| PB 0x0000000713e00000| Untracked |  0
| 100|0x0000000714000000, 0x0000000714000000, 0x0000000714200000|  0%| F|  |TAMS 0x0000000714000000| PB 0x0000000714000000| Untracked |  0
| 101|0x0000000714200000, 0x0000000714200000, 0x0000000714400000|  0%| F|  |TAMS 0x0000000714200000| PB 0x0000000714200000| Untracked |  0
| 102|0x0000000714400000, 0x0000000714400000, 0x0000000714600000|  0%| F|  |TAMS 0x0000000714400000| PB 0x0000000714400000| Untracked |  0
| 103|0x0000000714600000, 0x0000000714600000, 0x0000000714800000|  0%| F|  |TAMS 0x0000000714600000| PB 0x0000000714600000| Untracked |  0
| 104|0x0000000714800000, 0x0000000714800000, 0x0000000714a00000|  0%| F|  |TAMS 0x0000000714800000| PB 0x0000000714800000| Untracked |  0
| 105|0x0000000714a00000, 0x0000000714b02a28, 0x0000000714c00000| 50%| E|  |TAMS 0x0000000714a00000| PB 0x0000000714a00000| Complete |  0
| 106|0x0000000714c00000, 0x0000000714e00000, 0x0000000714e00000|100%| E|CS|TAMS 0x0000000714c00000| PB 0x0000000714c00000| Complete |  0
| 107|0x0000000714e00000, 0x0000000715000000, 0x0000000715000000|100%| E|CS|TAMS 0x0000000714e00000| PB 0x0000000714e00000| Complete |  0
| 108|0x0000000715000000, 0x0000000715200000, 0x0000000715200000|100%| E|CS|TAMS 0x0000000715000000| PB 0x0000000715000000| Complete |  0
| 109|0x0000000715200000, 0x0000000715400000, 0x0000000715400000|100%| E|CS|TAMS 0x0000000715200000| PB 0x0000000715200000| Complete |  0
| 110|0x0000000715400000, 0x0000000715600000, 0x0000000715600000|100%| E|  |TAMS 0x0000000715400000| PB 0x0000000715400000| Complete |  0
| 111|0x0000000715600000, 0x0000000715800000, 0x0000000715800000|100%| E|CS|TAMS 0x0000000715600000| PB 0x0000000715600000| Complete |  0
| 112|0x0000000715800000, 0x0000000715a00000, 0x0000000715a00000|100%| E|CS|TAMS 0x0000000715800000| PB 0x0000000715800000| Complete |  0
| 113|0x0000000715a00000, 0x0000000715c00000, 0x0000000715c00000|100%| E|CS|TAMS 0x0000000715a00000| PB 0x0000000715a00000| Complete |  0
| 114|0x0000000715c00000, 0x0000000715e00000, 0x0000000715e00000|100%| E|CS|TAMS 0x0000000715c00000| PB 0x0000000715c00000| Complete |  0
| 115|0x0000000715e00000, 0x0000000716000000, 0x0000000716000000|100%| E|CS|TAMS 0x0000000715e00000| PB 0x0000000715e00000| Complete |  0
| 116|0x0000000716000000, 0x0000000716200000, 0x0000000716200000|100%| E|CS|TAMS 0x0000000716000000| PB 0x0000000716000000| Complete |  0
| 117|0x0000000716200000, 0x0000000716400000, 0x0000000716400000|100%| E|CS|TAMS 0x0000000716200000| PB 0x0000000716200000| Complete |  0
| 118|0x0000000716400000, 0x0000000716600000, 0x0000000716600000|100%| E|CS|TAMS 0x0000000716400000| PB 0x0000000716400000| Complete |  0
| 119|0x0000000716600000, 0x0000000716800000, 0x0000000716800000|100%| E|CS|TAMS 0x0000000716600000| PB 0x0000000716600000| Complete |  0
| 120|0x0000000716800000, 0x0000000716a00000, 0x0000000716a00000|100%| E|CS|TAMS 0x0000000716800000| PB 0x0000000716800000| Complete |  0
| 121|0x0000000716a00000, 0x0000000716c00000, 0x0000000716c00000|100%| E|CS|TAMS 0x0000000716a00000| PB 0x0000000716a00000| Complete |  0
| 122|0x0000000716c00000, 0x0000000716e00000, 0x0000000716e00000|100%| E|CS|TAMS 0x0000000716c00000| PB 0x0000000716c00000| Complete |  0
| 123|0x0000000716e00000, 0x0000000717000000, 0x0000000717000000|100%| E|CS|TAMS 0x0000000716e00000| PB 0x0000000716e00000| Complete |  0
| 124|0x0000000717000000, 0x0000000717200000, 0x0000000717200000|100%| E|CS|TAMS 0x0000000717000000| PB 0x0000000717000000| Complete |  0
|1987|0x00000007ffe00000, 0x00000007fff1d3c0, 0x0000000800000000| 55%| O|  |TAMS 0x00000007ffe00000| PB 0x00000007ffe00000| Untracked |  0

Card table byte_map: [0x0000029caa810000,0x0000029caafe0000] _byte_map_base: 0x0000029ca6fd4000

Marking Bits: (CMBitMap*) 0x0000029c91f6dff0
 Bits: [0x0000029caafe0000, 0x0000029caee00000)

Polling page: 0x0000029c8fef0000

Metaspace:

Usage:
  Non-class:     14.66 MB used.
      Class:      1.52 MB used.
       Both:     16.17 MB used.

Virtual space:
  Non-class space:       64.00 MB reserved,      14.81 MB ( 23%) committed,  1 nodes.
      Class space:        1.00 GB reserved,       1.62 MB ( <1%) committed,  1 nodes.
             Both:        1.06 GB reserved,      16.44 MB (  2%) committed. 

Chunk freelists:
   Non-Class:  1.19 MB
       Class:  14.19 MB
        Both:  15.38 MB

MaxMetaspaceSize: unlimited
CompressedClassSpaceSize: 1.00 GB
Initial GC threshold: 21.00 MB
Current GC threshold: 21.00 MB
CDS: on
 - commit_granule_bytes: 65536.
 - commit_granule_words: 8192.
 - virtual_space_node_default_size: 8388608.
 - enlarge_chunks_in_place: 1.
UseCompressedClassPointers 1, UseCompactObjectHeaders 0
Narrow klass pointer bits 32, Max shift 3
Narrow klass base: 0x0000029cb2000000, Narrow klass shift: 0
Encoding Range: [0x0000029cb2000000 - 0x0000029db2000000), (4294967296 bytes)
Klass Range:    [0x0000029cb2000000 - 0x0000029cf3000000), (1090519040 bytes)
Klass ID Range:  [8 - 1090519033) (1090519025)


Internal statistics:

num_allocs_failed_limit: 0.
num_arena_births: 214.
num_arena_deaths: 0.
num_vsnodes_births: 2.
num_vsnodes_deaths: 0.
num_space_committed: 263.
num_space_uncommitted: 0.
num_chunks_returned_to_freelist: 0.
num_chunks_taken_from_freelist: 387.
num_chunk_merges: 0.
num_chunk_splits: 240.
num_chunks_enlarged: 147.
num_inconsistent_stats: 0.

CodeHeap 'non-profiled nmethods': size=119232Kb used=918Kb max_used=918Kb free=118313Kb
 bounds [0x0000029ca2340000, 0x0000029ca25b0000, 0x0000029ca97b0000]
CodeHeap 'profiled nmethods': size=119104Kb used=4565Kb max_used=4565Kb free=114538Kb
 bounds [0x0000029c9a7b0000, 0x0000029c9ac30000, 0x0000029ca1c00000]
CodeHeap 'non-nmethods': size=7424Kb used=1615Kb max_used=3344Kb free=5808Kb
 bounds [0x0000029ca1c00000, 0x0000029ca1f50000, 0x0000029ca2340000]
CodeCache: size=245760Kb, used=7098Kb, max_used=8827Kb, free=238659Kb
 total_blobs=3610, nmethods=2822, adapters=692, full_count=0
Compilation: enabled, stopped_count=0, restarted_count=0

Compilation events (20 events):
Event: 383.311 Thread 0x0000029cf7017d70 2814       3       jdk.internal.constant.ConstantUtils::internalNameToDesc (12 bytes)
Event: 383.312 Thread 0x0000029cf7017d70 nmethod 2814 0x0000029c9ac22908 code [0x0000029c9ac22b60, 0x0000029c9ac23fa8]
Event: 383.312 Thread 0x0000029cf7017d70 2815       3       jdk.internal.misc.VM::isModuleSystemInited (13 bytes)
Event: 383.312 Thread 0x0000029cf7017d70 nmethod 2815 0x0000029c9ac24088 code [0x0000029c9ac241a0, 0x0000029c9ac242e8]
Event: 383.312 Thread 0x0000029cf7017d70 2816       3       jdk.internal.misc.Blocker::end (16 bytes)
Event: 383.313 Thread 0x0000029cf7017d70 nmethod 2816 0x0000029c9ac24388 code [0x0000029c9ac244c0, 0x0000029c9ac24800]
Event: 383.313 Thread 0x0000029cf7017d70 2817       3       jdk.internal.misc.VM::isBooted (13 bytes)
Event: 383.313 Thread 0x0000029cf7017d70 nmethod 2817 0x0000029c9ac24888 code [0x0000029c9ac249a0, 0x0000029c9ac24ae8]
Event: 383.313 Thread 0x0000029cf7017d70 2818       3       java.lang.StringCoding::implEncodeAsciiArray (47 bytes)
Event: 383.313 Thread 0x0000029cf7017d70 nmethod 2818 0x0000029c9ac24b88 code [0x0000029c9ac24ca0, 0x0000029c9ac24ed0]
Event: 383.313 Thread 0x0000029cf7017d70 2819       3       java.io.BufferedWriter::ensureOpen (18 bytes)
Event: 383.314 Thread 0x0000029cf7017d70 nmethod 2819 0x0000029c9ac24f08 code [0x0000029c9ac25040, 0x0000029c9ac25248]
Event: 383.314 Thread 0x0000029cf7017d70 2820       1       java.nio.charset.CharsetEncoder::maxBytesPerChar (5 bytes)
Event: 383.314 Thread 0x0000029cf7017d70 nmethod 2820 0x0000029ca2424b08 code [0x0000029ca2424c00, 0x0000029ca2424cc8]
Event: 383.314 Thread 0x0000029cf7017d70 2821       1       java.lang.Module::getName (5 bytes)
Event: 383.314 Thread 0x0000029cf7017d70 nmethod 2821 0x0000029ca2424e08 code [0x0000029ca2424f00, 0x0000029ca2424fc8]
Event: 383.314 Thread 0x0000029cf7015d80 2822       4       java.lang.StringBuilder::append (8 bytes)
Event: 383.314 Thread 0x0000029cf7017d70 2823       3       java.lang.StringLatin1::writeDigitPair (21 bytes)
Event: 383.315 Thread 0x0000029cf7017d70 nmethod 2823 0x0000029c9ac25288 code [0x0000029c9ac253a0, 0x0000029c9ac25570]
Event: 383.321 Thread 0x0000029cf7015d80 nmethod 2822 0x0000029ca2425108 code [0x0000029ca2425260, 0x0000029ca2425980]

GC Heap History (0 events):
No events

Dll operation events (11 events):
Event: 0.014 Loaded shared library C:\Program Files\Java\jdk-24\bin\java.dll
Event: 0.035 Loaded shared library C:\Program Files\Java\jdk-24\bin\jsvml.dll
Event: 0.050 Loaded shared library C:\Program Files\Java\jdk-24\bin\net.dll
Event: 0.052 Loaded shared library C:\Program Files\Java\jdk-24\bin\nio.dll
Event: 0.067 Loaded shared library C:\Program Files\Java\jdk-24\bin\zip.dll
Event: 0.074 Loaded shared library C:\Program Files\Java\jdk-24\bin\jimage.dll
Event: 0.080 Loaded shared library C:\Program Files\Java\jdk-24\bin\awt.dll
Event: 0.156 Loaded shared library C:\Program Files\Java\jdk-24\bin\freetype.dll
Event: 0.157 Loaded shared library C:\Program Files\Java\jdk-24\bin\fontmanager.dll
Event: 8.213 Loaded shared library C:\Program Files\Java\jdk-24\bin\verify.dll
Event: 8.328 Loaded shared library C:\Program Files\Java\jdk-24\bin\extnet.dll

Deoptimization events (20 events):
Event: 8.324 Thread 0x0000029cf7485070 Uncommon trap: trap_request=0xffffff4d fr.pc=0x0000029ca23efbd4 relative=0x00000000000014d4
Event: 8.324 Thread 0x0000029cf7485070 Uncommon trap: reason=unstable_if action=reinterpret pc=0x0000029ca23efbd4 method=java.lang.String.<init>([CIILjava/lang/Void;)V @ 5 c2
Event: 8.325 Thread 0x0000029cf7485070 DEOPT PACKING pc=0x0000029ca23efbd4 sp=0x000000e6ea6fbec0
Event: 8.325 Thread 0x0000029cf7485070 DEOPT UNPACKING pc=0x0000029ca1d19902 sp=0x000000e6ea6fbdb0 mode 2
Event: 8.421 Thread 0x0000029cf7485070 DEOPT PACKING pc=0x0000029c9aa52e3c sp=0x000000e6ea6feed0
Event: 8.421 Thread 0x0000029cf7485070 DEOPT UNPACKING pc=0x0000029ca1c55722 sp=0x000000e6ea6fe3e0 mode 0
Event: 8.425 Thread 0x0000029cf7485070 Uncommon trap: trap_request=0xffffff4d fr.pc=0x0000029ca23d3f04 relative=0x0000000000000084
Event: 8.425 Thread 0x0000029cf7485070 Uncommon trap: reason=unstable_if action=reinterpret pc=0x0000029ca23d3f04 method=sun.java2d.marlin.FloatMath.ceil_int(D)I @ 7 c2
Event: 8.425 Thread 0x0000029cf7485070 DEOPT PACKING pc=0x0000029ca23d3f04 sp=0x000000e6ea6fc460
Event: 8.425 Thread 0x0000029cf7485070 DEOPT UNPACKING pc=0x0000029ca1d19902 sp=0x000000e6ea6fc3e8 mode 2
Event: 8.425 Thread 0x0000029cf7485070 Uncommon trap: trap_request=0xffffff4d fr.pc=0x0000029ca23df220 relative=0x0000000000003240
Event: 8.425 Thread 0x0000029cf7485070 Uncommon trap: reason=unstable_if action=reinterpret pc=0x0000029ca23df220 method=sun.java2d.marlin.Renderer._endRendering(II)V @ 235 c2
Event: 8.425 Thread 0x0000029cf7485070 DEOPT PACKING pc=0x0000029ca23df220 sp=0x000000e6ea6fc400
Event: 8.425 Thread 0x0000029cf7485070 DEOPT UNPACKING pc=0x0000029ca1d19902 sp=0x000000e6ea6fc200 mode 2
Event: 8.426 Thread 0x0000029cf7485070 Uncommon trap: trap_request=0xffffff4d fr.pc=0x0000029ca23bfb50 relative=0x0000000000004650
Event: 8.426 Thread 0x0000029cf7485070 Uncommon trap: reason=unstable_if action=reinterpret pc=0x0000029ca23bfb50 method=sun.java2d.marlin.Renderer._endRendering(II)V @ 2445 c2
Event: 8.426 Thread 0x0000029cf7485070 DEOPT PACKING pc=0x0000029ca23bfb50 sp=0x000000e6ea6fc340
Event: 8.426 Thread 0x0000029cf7485070 DEOPT UNPACKING pc=0x0000029ca1d19902 sp=0x000000e6ea6fc200 mode 2
Event: 10.732 Thread 0x0000029cf7485070 DEOPT PACKING pc=0x0000029c9a7ccc19 sp=0x000000e6ea6fec00
Event: 10.732 Thread 0x0000029cf7485070 DEOPT UNPACKING pc=0x0000029ca1c55722 sp=0x000000e6ea6fe078 mode 0

Classes loaded (20 events):
Event: 9.589 Loading class javax/swing/DefaultCellEditor$EditorDelegate done
Event: 9.589 Loading class javax/swing/DefaultCellEditor$1 done
Event: 9.589 Loading class javax/swing/plaf/nimbus/TableEditorPainter
Event: 9.593 Loading class javax/swing/plaf/nimbus/TableEditorPainter done
Event: 9.594 Loading class javax/swing/plaf/basic/BasicGraphicsUtils
Event: 9.594 Loading class javax/swing/plaf/basic/BasicGraphicsUtils done
Event: 9.595 Loading class javax/swing/event/ListSelectionEvent
Event: 9.595 Loading class javax/swing/event/ListSelectionEvent done
Event: 9.596 Loading class javax/swing/plaf/nimbus/TreeCellPainter
Event: 9.596 Loading class javax/swing/plaf/nimbus/TreeCellPainter done
Event: 9.677 Loading class java/lang/Throwable$WrappedPrintStream
Event: 9.677 Loading class java/lang/Throwable$WrappedPrintStream done
Event: 383.311 Loading class java/util/WeakHashMap$KeyIterator
Event: 383.311 Loading class java/util/WeakHashMap$HashIterator
Event: 383.311 Loading class java/util/WeakHashMap$HashIterator done
Event: 383.311 Loading class java/util/WeakHashMap$KeyIterator done
Event: 383.312 Loading class java/awt/IllegalComponentStateException
Event: 383.312 Loading class java/awt/IllegalComponentStateException done
Event: 383.313 Loading class java/awt/AWTError
Event: 383.313 Loading class java/awt/AWTError done

Classes unloaded (0 events):
No events

Classes redefined (0 events):
No events

Internal exceptions (20 events):
Event: 0.284 Thread 0x0000029cf7485070 Exception <a 'java/lang/NoSuchMethodError'{0x00000007162ac6b0}: 'java.lang.Object java.lang.invoke.DirectMethodHandle$Holder.invokeStatic(java.lang.Object, java.lang.Object, java.lang.Object, java.lang.Object, java.lang.Object, long)'> (0x00000007162ac6b0) 
thrown [s\open\src\hotspot\share\interpreter\linkResolver.cpp, line 805]
Event: 0.286 Thread 0x0000029cf7485070 Exception <a 'java/lang/NoSuchMethodError'{0x00000007162f0388}: 'float java.lang.invoke.DelegatingMethodHandle$Holder.reinvoke_L(java.lang.Object, java.lang.Object, java.lang.Object, java.lang.Object, long, long)'> (0x00000007162f0388) 
thrown [s\open\src\hotspot\share\interpreter\linkResolver.cpp, line 805]
Event: 0.328 Thread 0x0000029cf7485070 Exception <a 'java/io/FileNotFoundException'{0x0000000716389fe8}> (0x0000000716389fe8) 
thrown [s\open\src\hotspot\share\prims\jni.cpp, line 518]
Event: 0.339 Thread 0x0000029cf7485070 Exception <a 'java/io/FileNotFoundException'{0x00000007163c41f0}> (0x00000007163c41f0) 
thrown [s\open\src\hotspot\share\prims\jni.cpp, line 518]
Event: 6.655 Thread 0x0000029cf7485070 Implicit null exception at 0x0000029ca23a83d7 to 0x0000029ca23a88f2
Event: 6.655 Thread 0x0000029cf7485070 Implicit null exception at 0x0000029ca23a2563 to 0x0000029ca23a2c2f
Event: 6.656 Thread 0x0000029cf7485070 Implicit null exception at 0x0000029ca23a83d7 to 0x0000029ca23a88f2
Event: 6.656 Thread 0x0000029cf7485070 Implicit null exception at 0x0000029ca23a2563 to 0x0000029ca23a2c2f
Event: 6.656 Thread 0x0000029cf7485070 Implicit null exception at 0x0000029ca23a83d7 to 0x0000029ca23a88f2
Event: 8.215 Thread 0x0000029cf7485070 Exception <a 'java/lang/NoSuchMethodError'{0x00000007157f2f48}: 'void java.lang.invoke.DirectMethodHandle$Holder.invokeStatic(java.lang.Object, java.lang.Object)'> (0x00000007157f2f48) 
thrown [s\open\src\hotspot\share\interpreter\linkResolver.cpp, line 805]
Event: 8.224 Thread 0x0000029cf7485070 Exception <a 'java/lang/NoSuchMethodError'{0x0000000715455870}: 'java.lang.Object java.lang.invoke.DirectMethodHandle$Holder.invokeInterface(java.lang.Object, java.lang.Object)'> (0x0000000715455870) 
thrown [s\open\src\hotspot\share\interpreter\linkResolver.cpp, line 805]
Event: 8.257 Thread 0x0000029cf7485070 Exception <a 'java/lang/NoSuchMethodError'{0x0000000715317438}: 'java.lang.Object java.lang.invoke.DelegatingMethodHandle$Holder.reinvoke_L(java.lang.Object, java.lang.Object, int, java.lang.Object, java.lang.Object, java.lang.Object)'> (0x0000000715317438) 
thrown [s\open\src\hotspot\share\interpreter\linkResolver.cpp, line 805]
Event: 8.260 Thread 0x0000029cf7485070 Exception <a 'java/lang/NoSuchMethodError'{0x000000071534e730}: 'java.lang.Object java.lang.invoke.DirectMethodHandle$Holder.invokeStatic(java.lang.Object, java.lang.Object, int)'> (0x000000071534e730) 
thrown [s\open\src\hotspot\share\interpreter\linkResolver.cpp, line 805]
Event: 8.261 Thread 0x0000029cf7485070 Exception <a 'java/lang/NoSuchMethodError'{0x0000000715366b80}: 'void java.lang.invoke.DelegatingMethodHandle$Holder.delegate(java.lang.Object, java.lang.Object, int, java.lang.Object)'> (0x0000000715366b80) 
thrown [s\open\src\hotspot\share\interpreter\linkResolver.cpp, line 805]
Event: 8.395 Thread 0x0000029cf7485070 Exception <a 'java/lang/NoSuchMethodError'{0x0000000714fa2cd0}: 'java.lang.Object java.lang.invoke.DirectMethodHandle$Holder.newInvokeSpecial(java.lang.Object, java.lang.Object, java.lang.Object, java.lang.Object, java.lang.Object, java.lang.Object)'> (0x0000000714fa2cd0) 
thrown [s\open\src\hotspot\share\interpreter\linkResolver.cpp, line 805]
Event: 8.397 Thread 0x0000029cf7485070 Exception <a 'java/lang/NoSuchMethodError'{0x0000000714fd6260}: 'java.lang.Object java.lang.invoke.DirectMethodHandle$Holder.invokeStatic(java.lang.Object, java.lang.Object, java.lang.Object, java.lang.Object, java.lang.Object, java.lang.Object, java.lang.Object, java.lang.Object)'> (0x0000000714fd6260) 
thrown [s\open\src\hotspot\share\interpreter\linkResolver.cpp, line 805]
Event: 8.398 Thread 0x0000029cf7485070 Exception <a 'java/lang/NoSuchMethodError'{0x0000000714ffa270}: 'java.lang.Object java.lang.invoke.DirectMethodHandle$Holder.invokeStatic(java.lang.Object, java.lang.Object, java.lang.Object, java.lang.Object, java.lang.Object, java.lang.Object, java.lang.Object, java.lang.Object, java.lang.Object)'> (0x0000000714ffa270) 
thrown [s\open\src\hotspot\share\interpreter\linkResolver.cpp, line 805]
Event: 8.402 Thread 0x0000029cf7485070 Exception <a 'java/lang/NoSuchMethodError'{0x0000000714c4b5e8}: 'long java.lang.invoke.DelegatingMethodHandle$Holder.reinvoke_L(java.lang.Object, java.lang.Object, int)'> (0x0000000714c4b5e8) 
thrown [s\open\src\hotspot\share\interpreter\linkResolver.cpp, line 805]
Event: 8.403 Thread 0x0000029cf7485070 Exception <a 'java/lang/NoSuchMethodError'{0x0000000714c63928}: 'java.lang.Object java.lang.invoke.DelegatingMethodHandle$Holder.reinvoke_L(java.lang.Object, long, long, java.lang.Object, java.lang.Object)'> (0x0000000714c63928) 
thrown [s\open\src\hotspot\share\interpreter\linkResolver.cpp, line 805]
Event: 8.411 Thread 0x0000029cf7485070 Exception <a 'java/lang/NoSuchMethodError'{0x0000000714cc46a8}: 'java.lang.Object java.lang.invoke.Invokers$Holder.invokeExact_MT(java.lang.Object, java.lang.Object, java.lang.Object, java.lang.Object, java.lang.Object)'> (0x0000000714cc46a8) 
thrown [s\open\src\hotspot\share\interpreter\linkResolver.cpp, line 805]

VM Operations (20 events):
Event: 6.949 Executing VM operation: HandshakeAllThreads (Deoptimize)
Event: 6.949 Executing VM operation: HandshakeAllThreads (Deoptimize) done
Event: 6.971 Executing VM operation: HandshakeAllThreads (Deoptimize)
Event: 6.971 Executing VM operation: HandshakeAllThreads (Deoptimize) done
Event: 7.030 Executing VM operation: HandshakeAllThreads (Deoptimize)
Event: 7.030 Executing VM operation: HandshakeAllThreads (Deoptimize) done
Event: 8.190 Executing VM operation: HandshakeAllThreads (Deoptimize)
Event: 8.190 Executing VM operation: HandshakeAllThreads (Deoptimize) done
Event: 8.197 Executing VM operation: HandshakeAllThreads (Deoptimize)
Event: 8.197 Executing VM operation: HandshakeAllThreads (Deoptimize) done
Event: 8.260 Executing VM operation: HandshakeAllThreads (Deoptimize)
Event: 8.260 Executing VM operation: HandshakeAllThreads (Deoptimize) done
Event: 8.276 Executing VM operation: HandshakeAllThreads (Deoptimize)
Event: 8.276 Executing VM operation: HandshakeAllThreads (Deoptimize) done
Event: 8.323 Executing VM operation: HandshakeAllThreads (Deoptimize)
Event: 8.323 Executing VM operation: HandshakeAllThreads (Deoptimize) done
Event: 60.042 Executing VM operation: HandshakeAllThreads (HandshakeForDeflation)
Event: 60.042 Executing VM operation: HandshakeAllThreads (HandshakeForDeflation) done
Event: 60.042 Executing VM operation: RendezvousGCThreads
Event: 60.042 Executing VM operation: RendezvousGCThreads done

Memory protections (0 events):
No events

Nmethod flushes (0 events):
No events

Events (20 events):
Event: 0.102 Thread 0x0000029c8fb6d0e0 Thread added: 0x0000029cf77a7d20
Event: 0.204 Thread 0x0000029c8fb6d0e0 Thread added: 0x0000029cf7485070
Event: 0.204 Thread 0x0000029c8fb6d0e0 Thread exited: 0x0000029c8fb6d0e0
Event: 0.204 Thread 0x0000029c8fb6d0e0 Thread added: 0x0000029c8fb6d0e0
Event: 0.374 Thread 0x0000029cf7485070 Thread added: 0x0000029cf7afdd00
Event: 0.458 Thread 0x0000029cf71b2ab0 Thread exited: 0x0000029cf71b2ab0
Event: 6.951 Thread 0x0000029cf7485070 Thread added: 0x0000029cf775fcd0
Event: 6.968 Thread 0x0000029cf710c280 Thread added: 0x0000029cf71b2ab0
Event: 6.969 Thread 0x0000029cf71b5fa0 Thread added: 0x0000029cf71b3240
Event: 7.501 Thread 0x0000029cf71b3240 Thread exited: 0x0000029cf71b3240
Event: 7.501 Thread 0x0000029cf71b2ab0 Thread exited: 0x0000029cf71b2ab0
Event: 8.216 Thread 0x0000029cf7485070 Thread added: 0x0000029cf90487b0
Event: 8.227 Thread 0x0000029cf7017d70 Thread added: 0x0000029cf71b3240
Event: 8.228 Thread 0x0000029cf70a4580 Thread added: 0x0000029cf71b39d0
Event: 9.077 Thread 0x0000029cf71b39d0 Thread exited: 0x0000029cf71b39d0
Event: 9.077 Thread 0x0000029cf71b3240 Thread exited: 0x0000029cf71b3240
Event: 9.077 Thread 0x0000029cf71b5fa0 Thread exited: 0x0000029cf71b5fa0
Event: 10.313 Thread 0x0000029cf710c280 Thread exited: 0x0000029cf710c280
Event: 10.444 Thread 0x0000029cf70a4580 Thread exited: 0x0000029cf70a4580
Event: 11.996 Thread 0x0000029cf775fcd0 Thread exited: 0x0000029cf775fcd0


Dynamic libraries:
0x00007ff774720000 - 0x00007ff774730000 	C:\Program Files\Java\jdk-24\bin\java.exe
0x00007ffbec920000 - 0x00007ffbecb80000 	C:\WINDOWS\SYSTEM32\ntdll.dll
0x00007ffbec4d0000 - 0x00007ffbec597000 	C:\WINDOWS\System32\KERNEL32.DLL
0x00007ffbe9d90000 - 0x00007ffbea15a000 	C:\WINDOWS\System32\KERNELBASE.dll
0x00007ffbea5d0000 - 0x00007ffbea71b000 	C:\WINDOWS\System32\ucrtbase.dll
0x00007ffbd78c0000 - 0x00007ffbd78d6000 	C:\Program Files\Java\jdk-24\bin\jli.dll
0x00007ffbd6d20000 - 0x00007ffbd6d3b000 	C:\Program Files\Java\jdk-24\bin\VCRUNTIME140.dll
0x00007ffbeb450000 - 0x00007ffbeb61c000 	C:\WINDOWS\System32\USER32.dll
0x00007ffbea160000 - 0x00007ffbea187000 	C:\WINDOWS\System32\win32u.dll
0x00007ffbebb60000 - 0x00007ffbebb8a000 	C:\WINDOWS\System32\GDI32.dll
0x00007ffbc2020000 - 0x00007ffbc22b7000 	C:\WINDOWS\WinSxS\amd64_microsoft.windows.common-controls_6595b64144ccf1df_6.0.26100.3624_none_3e086962e3345f24\COMCTL32.dll
0x00007ffbe9bc0000 - 0x00007ffbe9cf1000 	C:\WINDOWS\System32\gdi32full.dll
0x00007ffbec5a0000 - 0x00007ffbec649000 	C:\WINDOWS\System32\msvcrt.dll
0x00007ffbea520000 - 0x00007ffbea5c3000 	C:\WINDOWS\System32\msvcp_win.dll
0x00007ffbec490000 - 0x00007ffbec4bf000 	C:\WINDOWS\System32\IMM32.DLL
0x00007ffbe07d0000 - 0x00007ffbe07dc000 	C:\Program Files\Java\jdk-24\bin\vcruntime140_1.dll
0x00007ffbbc1e0000 - 0x00007ffbbc26e000 	C:\Program Files\Java\jdk-24\bin\msvcp140.dll
0x00007ffb7f600000 - 0x00007ffb803a2000 	C:\Program Files\Java\jdk-24\bin\server\jvm.dll
0x00007ffbec810000 - 0x00007ffbec8c2000 	C:\WINDOWS\System32\ADVAPI32.dll
0x00007ffbeba10000 - 0x00007ffbebab6000 	C:\WINDOWS\System32\sechost.dll
0x00007ffbea730000 - 0x00007ffbea846000 	C:\WINDOWS\System32\RPCRT4.dll
0x00007ffbebd70000 - 0x00007ffbebde4000 	C:\WINDOWS\System32\WS2_32.dll
0x00007ffbe19b0000 - 0x00007ffbe19e6000 	C:\WINDOWS\SYSTEM32\WINMM.dll
0x00007ffbe9950000 - 0x00007ffbe99ae000 	C:\WINDOWS\SYSTEM32\POWRPROF.dll
0x00007ffbdea30000 - 0x00007ffbdea3b000 	C:\WINDOWS\SYSTEM32\VERSION.dll
0x00007ffbe9930000 - 0x00007ffbe9944000 	C:\WINDOWS\SYSTEM32\UMPDC.dll
0x00007ffbe8910000 - 0x00007ffbe892a000 	C:\WINDOWS\SYSTEM32\kernel.appcore.dll
0x00007ffbd6570000 - 0x00007ffbd657a000 	C:\Program Files\Java\jdk-24\bin\jimage.dll
0x00007ffbe7310000 - 0x00007ffbe7551000 	C:\WINDOWS\SYSTEM32\DBGHELP.DLL
0x00007ffbeb680000 - 0x00007ffbeba02000 	C:\WINDOWS\System32\combase.dll
0x00007ffbea850000 - 0x00007ffbea926000 	C:\WINDOWS\System32\OLEAUT32.dll
0x00007ffba9410000 - 0x00007ffba9449000 	C:\WINDOWS\SYSTEM32\dbgcore.DLL
0x00007ffbea480000 - 0x00007ffbea519000 	C:\WINDOWS\System32\bcryptPrimitives.dll
0x00007ffbd62d0000 - 0x00007ffbd62ee000 	C:\Program Files\Java\jdk-24\bin\java.dll
0x00007ffbeb240000 - 0x00007ffbeb3d6000 	C:\WINDOWS\System32\ole32.dll
0x00007ffbea930000 - 0x00007ffbeb059000 	C:\WINDOWS\System32\SHELL32.dll
0x00007ffbea190000 - 0x00007ffbea2f8000 	C:\WINDOWS\System32\wintypes.dll
0x00007ffbe77c0000 - 0x00007ffbe8012000 	C:\WINDOWS\SYSTEM32\windows.storage.dll
0x00007ffbec700000 - 0x00007ffbec7ed000 	C:\WINDOWS\System32\SHCORE.dll
0x00007ffbeb3e0000 - 0x00007ffbeb444000 	C:\WINDOWS\System32\shlwapi.dll
0x00007ffbe99e0000 - 0x00007ffbe9a0f000 	C:\WINDOWS\SYSTEM32\profapi.dll
0x00007ffb85950000 - 0x00007ffb85a27000 	C:\Program Files\Java\jdk-24\bin\jsvml.dll
0x00007ffbd5c20000 - 0x00007ffbd5c30000 	C:\Program Files\Java\jdk-24\bin\net.dll
0x00007ffbe8e30000 - 0x00007ffbe8e9a000 	C:\WINDOWS\system32\mswsock.dll
0x00007ffbcc060000 - 0x00007ffbcc076000 	C:\Program Files\Java\jdk-24\bin\nio.dll
0x00007ffbcbc50000 - 0x00007ffbcbc67000 	C:\Program Files\Java\jdk-24\bin\zip.dll
0x00007ffb85a40000 - 0x00007ffb85bbf000 	C:\Program Files\Java\jdk-24\bin\awt.dll
0x00007ffbe3fd0000 - 0x00007ffbe406c000 	C:\WINDOWS\SYSTEM32\apphelp.dll
0x00007ffbe41f0000 - 0x00007ffbe429e000 	C:\WINDOWS\system32\uxtheme.dll
0x00007ffbebc10000 - 0x00007ffbebd6d000 	C:\WINDOWS\System32\MSCTF.dll
0x00007ffbe4560000 - 0x00007ffbe4596000 	C:\WINDOWS\system32\DWMAPI.DLL
0x00007ffb8c4e0000 - 0x00007ffb8c567000 	C:\Program Files\Java\jdk-24\bin\freetype.dll
0x00007ffb82230000 - 0x00007ffb82307000 	C:\Program Files\Java\jdk-24\bin\fontmanager.dll
0x00007ffbbee40000 - 0x00007ffbbef4c000 	C:\WINDOWS\system32\opengl32.dll
0x00007ffbd1840000 - 0x00007ffbd186d000 	C:\WINDOWS\SYSTEM32\GLU32.dll
0x00007ffbe4320000 - 0x00007ffbe4367000 	C:\WINDOWS\SYSTEM32\dxcore.dll
0x00007ffbebdf0000 - 0x00007ffbebe98000 	C:\WINDOWS\System32\clbcatq.dll
0x00007ffbe21d0000 - 0x00007ffbe23fe000 	C:\WINDOWS\SYSTEM32\WindowsCodecs.dll
0x00007ffbca590000 - 0x00007ffbca5ea000 	C:\WINDOWS\system32\dataexchange.dll
0x00007ffbd8480000 - 0x00007ffbd86bb000 	C:\WINDOWS\system32\twinapi.appcore.dll
0x00007ffbd16e0000 - 0x00007ffbd1829000 	C:\WINDOWS\SYSTEM32\textinputframework.dll
0x00007ffbe3a40000 - 0x00007ffbe3b66000 	C:\WINDOWS\SYSTEM32\CoreMessaging.dll
0x00007ffbe0cf0000 - 0x00007ffbe0fd3000 	C:\WINDOWS\SYSTEM32\CoreUIComponents.dll
0x00007ffbe90f0000 - 0x00007ffbe90fc000 	C:\WINDOWS\SYSTEM32\CRYPTBASE.DLL
0x00007ffbd5c10000 - 0x00007ffbd5c20000 	C:\Program Files\Java\jdk-24\bin\verify.dll
0x00007ffbe8430000 - 0x00007ffbe8555000 	C:\WINDOWS\SYSTEM32\DNSAPI.dll
0x00007ffbe83f0000 - 0x00007ffbe8423000 	C:\WINDOWS\SYSTEM32\IPHLPAPI.DLL
0x00007ffbec8d0000 - 0x00007ffbec8da000 	C:\WINDOWS\System32\NSI.dll
0x00007ffbdea50000 - 0x00007ffbdea5b000 	C:\Windows\System32\rasadhlp.dll
0x00007ffbe06a0000 - 0x00007ffbe0725000 	C:\WINDOWS\System32\fwpuclnt.dll
0x00007ffbd1ca0000 - 0x00007ffbd1ca9000 	C:\Program Files\Java\jdk-24\bin\extnet.dll

dbghelp: loaded successfully - version: 4.0.5 - missing functions: none
symbol engine: initialized successfully - sym options: 0x614 - pdb path: .;C:\Program Files\Java\jdk-24\bin;C:\WINDOWS\SYSTEM32;C:\WINDOWS\WinSxS\amd64_microsoft.windows.common-controls_6595b64144ccf1df_6.0.26100.3624_none_3e086962e3345f24;C:\Program Files\Java\jdk-24\bin\server

VM Arguments:
jvm_args: -Dfile.encoding=UTF-8 --module-path=C:\Users\13762\Documents\NetBeansProjects\library\build\classes 
java_command: library
java_class_path (initial): D:\\mysql-connector-java-5.1.47\mysql-connector-java-5.1.47.jar;D:\\mysql-connector-java-5.1.47\mysql-connector-java-5.1.47-bin.jar;C:\Users\13762\Documents\NetBeansProjects\library\build\classes
Launcher Type: SUN_STANDARD

[Global flags]
     intx CICompilerCount                          = 12                                        {product} {ergonomic}
     uint ConcGCThreads                            = 3                                         {product} {ergonomic}
     uint G1ConcRefinementThreads                  = 13                                        {product} {ergonomic}
   size_t G1HeapRegionSize                         = 2097152                                   {product} {ergonomic}
   size_t InitialHeapSize                          = 262144000                                 {product} {ergonomic}
   size_t MarkStackSize                            = 4194304                                   {product} {ergonomic}
   size_t MarkStackSizeMax                         = 536870912                                 {product} {ergonomic}
   size_t MaxHeapSize                              = 4169138176                                {product} {ergonomic}
   size_t MaxNewSize                               = 2499805184                                {product} {ergonomic}
   size_t MinHeapDeltaBytes                        = 2097152                                   {product} {ergonomic}
   size_t MinHeapSize                              = 8388608                                   {product} {ergonomic}
    uintx NonNMethodCodeHeapSize                   = 7602176                                {pd product} {ergonomic}
    uintx NonProfiledCodeHeapSize                  = 122093568                              {pd product} {ergonomic}
    uintx ProfiledCodeHeapSize                     = 121962496                              {pd product} {ergonomic}
    uintx ReservedCodeCacheSize                    = 251658240                              {pd product} {ergonomic}
     bool SegmentedCodeCache                       = true                                      {product} {ergonomic}
   size_t SoftMaxHeapSize                          = 4169138176                             {manageable} {ergonomic}
     bool UseCompressedOops                        = true                           {product lp64_product} {ergonomic}
     bool UseG1GC                                  = true                                      {product} {ergonomic}
     bool UseLargePagesIndividualAllocation        = false                                  {pd product} {ergonomic}

Logging:
Log output configuration:
 #0: stdout all=warning uptime,level,tags foldmultilines=false
 #1: stderr all=off uptime,level,tags foldmultilines=false

Environment Variables:
JAVA_HOME=C:\Users\13762\Downloads\jdk-24_linux-aarch64_bin\jdk-24
CLASSPATH=.;C:\Users\13762\Downloads\jdk-24_linux-aarch64_bin\jdk-24\lib;C:\Users\13762\Downloads\jdk-24_linux-aarch64_bin\jdk-24\lib\tools.jar;
PATH=C:\Program Files\Common Files\Oracle\Java\javapath;C:\Program Files\Eclipse Adoptium\jdk-21.0.5.11-hotspot\bin;C:\Program Files (x86)\Common Files\Oracle\Java\java8path;C:\Program Files (x86)\Common Files\Oracle\Java\javapath;C:\WINDOWS\system32;C:\WINDOWS;C:\WINDOWS\System32\Wbem;C:\WINDOWS\System32\WindowsPowerShell\v1.0\;C:\WINDOWS\System32\OpenSSH\;C:\Program Files\dotnet\;D:\Git\cmd;D:\laragon\bin\php\php-8.3.16-Win32-vs16-x64;C:\ProgramData\ComposerSetup\bin;C:\Users\13762\AppData\Local\Programs\Python\Launcher\;C:\Users\13762\AppData\Local\Microsoft\WindowsApps;C:\Users\13762\Downloads;C:\Users\13762\Downloads\jdk-24_linux-aarch64_bin\jdk-24\bin;D:\java.jdk\jdk-24;C:\Users\13762\AppData\Roaming\Composer\vendor\bin;C:\Users\13762\AppData\Local\Programs\Microsoft VS Code\bin
USERNAME=13762
OS=Windows_NT
PROCESSOR_IDENTIFIER=Intel64 Family 6 Model 186 Stepping 2, GenuineIntel
TMP=C:\Users\13762\AppData\Local\Temp
TEMP=C:\Users\13762\AppData\Local\Temp




Periodic native trim disabled

---------------  S Y S T E M  ---------------

OS:
 Windows 11 , 64 bit Build 26100 (10.0.26100.3775)
OS uptime: 16 days 23:08 hours

CPU: total 16 (initial active 16) (8 cores per cpu, 2 threads per core) family 6 model 186 stepping 2 microcode 0x4121, cx8, cmov, fxsr, ht, mmx, 3dnowpref, sse, sse2, sse3, ssse3, sse4.1, sse4.2, popcnt, lzcnt, tsc, tscinvbit, avx, avx2, aes, erms, clmul, bmi1, bmi2, adx, sha, fma, vzeroupper, clflush, clflushopt, clwb, serialize, rdtscp, rdpid, fsrm, gfni, f16c, pku, cet_ibt, cet_ss
Processor Information for processor 0
  Max Mhz: 2600, Current Mhz: 2600, Mhz Limit: 2600
Processor Information for processor 1
  Max Mhz: 2600, Current Mhz: 2600, Mhz Limit: 2600
Processor Information for processor 2
  Max Mhz: 2600, Current Mhz: 2600, Mhz Limit: 2600
Processor Information for processor 3
  Max Mhz: 2600, Current Mhz: 2600, Mhz Limit: 2600
Processor Information for processor 4
  Max Mhz: 2600, Current Mhz: 2600, Mhz Limit: 2600
Processor Information for processor 5
  Max Mhz: 2600, Current Mhz: 2600, Mhz Limit: 2600
Processor Information for processor 6
  Max Mhz: 2600, Current Mhz: 2600, Mhz Limit: 2600
Processor Information for processor 7
  Max Mhz: 2600, Current Mhz: 2600, Mhz Limit: 2600
Processor Information for processor 8
  Max Mhz: 2600, Current Mhz: 1900, Mhz Limit: 1898
Processor Information for processor 9
  Max Mhz: 2600, Current Mhz: 1900, Mhz Limit: 1898
Processor Information for processor 10
  Max Mhz: 2600, Current Mhz: 1500, Mhz Limit: 1898
Processor Information for processor 11
  Max Mhz: 2600, Current Mhz: 1900, Mhz Limit: 1898
Processor Information for processor 12
  Max Mhz: 2600, Current Mhz: 1900, Mhz Limit: 1898
Processor Information for processor 13
  Max Mhz: 2600, Current Mhz: 1900, Mhz Limit: 1898
Processor Information for processor 14
  Max Mhz: 2600, Current Mhz: 1500, Mhz Limit: 1898
Processor Information for processor 15
  Max Mhz: 2600, Current Mhz: 1500, Mhz Limit: 1898

Memory: 4k page, system-wide physical 15901M (6142M free)
TotalPageFile size 16952M (AvailPageFile size 4632M)
current process WorkingSet (physical memory assigned to process): 148M, peak: 156M
current process commit charge ("private bytes"): 397M, peak: 408M

vm_info: Java HotSpot(TM) 64-Bit Server VM (24+36-3646) for windows-amd64 JRE (24+36-3646), built on 2025-02-06T00:20:43Z with MS VC++ 17.6 (VS2022)

END.
